processing ...
[Merge Type]:merge
[BASE] project in process  -----------------------------------------
>> ../source/base/core.js     loaded... 3281 byte.
>> ../source/base/lang.js     loaded... 5875 byte.
>> ../source/base/selector.js     loaded... 4724 byte.
>> ../source/base/event.js     loaded... 7846 byte.
>> ../source/base/dom.js     loaded... 19803 byte.
>> ../source/base/net.js     loaded... 10616 byte.
>> ../source/base/ua.js     loaded... 1159 byte.
>> ../source/base/object.js     loaded... 2649 byte.
>> ../source/base/string.js     loaded... 3775 byte.

merge target files...

Write file for release... done.  File length: 59737 byte.

[BASE] builded success ------------------------------------


[ALL] project in process  -----------------------------------------
>> ../source/ysl.base.js     loaded... 59737 byte.
>> ../source/com/cookie.js     loaded... 1187 byte.
>> ../source/com/date.js     loaded... 2611 byte.
>> ../source/com/media.js     loaded... 4687 byte.
>> ../source/widget/animate.js     loaded... 2924 byte.
>> ../source/widget/datepicker.js     loaded... 11945 byte.
>> ../source/widget/drogdrop.js     loaded... 178 byte.
>> ../source/widget/helper.js     loaded... 1199 byte.
>> ../source/widget/pageslide.js     loaded... 3129 byte.
>> ../source/widget/pagination.js     loaded... 3165 byte.
>> ../source/widget/popup.js     loaded... 15690 byte.
>> ../source/widget/slide.js     loaded... 1371 byte.
>> ../source/widget/tab.js     loaded... 572 byte.
>> ../source/widget/tip.js     loaded... 1857 byte.
>> ../source/widget/tween.js     loaded... 5669 byte.
>> ../source/widget/validator.js     loaded... 6183 byte.

merge target files...

min target file...

Write file for release... done.  File length: 78384 byte.

[ALL] builded success ------------------------------------


done.
